<?xml version="1.0" encoding="UTF-8"?>
<!-- Generated by org.testng.reporters.JUnitReportReporter -->
<testsuite hostname="LAPTOP-FB355VIB" failures="0" tests="3" name="TestNG.E" time="0.007" errors="0" timestamp="2023-05-26T14:24:22 IST" skipped="1">
  <testcase classname="TestNG.E" name="a" time="0.003"/>
  <system-out/>
  <testcase classname="TestNG.E" name="c" time="0.004"/>
  <system-out/>
  <testcase classname="TestNG.E" name="b">
    <skipped/>
  </testcase> <!-- b -->
  <system-out/>
</testsuite> <!-- TestNG.E -->
