<?xml version="1.0" encoding="UTF-8"?>
<!-- Generated by org.testng.reporters.JUnitReportReporter -->
<testsuite hostname="LAPTOP-FB355VIB" failures="0" tests="1" name="TestNG.F" time="0.001" errors="0" timestamp="2023-05-26T14:39:05 IST" skipped="0">
  <testcase classname="TestNG.F" name="compose" time="0.001"/>
  <system-out/>
</testsuite> <!-- TestNG.F -->
