<?xml version="1.0" encoding="UTF-8"?>
<!-- Generated by org.testng.reporters.JUnitReportReporter -->
<testsuite hostname="LAPTOP-FB355VIB" failures="0" tests="3" name="TestNG.B" time="0.006" errors="0" timestamp="2023-05-26T14:24:22 IST" skipped="0">
  <testcase classname="TestNG.B" name="aman" time="0.001"/>
  <system-out/>
  <testcase classname="TestNG.B" name="karan" time="0.002"/>
  <system-out/>
  <testcase classname="TestNG.B" name="akash" time="0.003"/>
  <system-out/>
</testsuite> <!-- TestNG.B -->
